{"C:\\Users\\emmar\\Desktop\\Cours\\MSPR2\\API_produits\\api-produits\\src\\app.js": {"path":"C:\\Users\\emmar\\Desktop\\Cours\\MSPR2\\API_produits\\api-produits\\src\\app.js","statementMap":{"0":{"start":{"line":1,"column":0},"end":{"line":1,"column":27}},"1":{"start":{"line":2,"column":16},"end":{"line":2,"column":34}},"2":{"start":{"line":3,"column":18},"end":{"line":3,"column":46}},"3":{"start":{"line":4,"column":22},"end":{"line":4,"column":57}},"4":{"start":{"line":5,"column":13},"end":{"line":5,"column":28}},"5":{"start":{"line":6,"column":15},"end":{"line":6,"column":32}},"6":{"start":{"line":8,"column":12},"end":{"line":8,"column":21}},"7":{"start":{"line":9,"column":0},"end":{"line":9,"column":12}},"8":{"start":{"line":11,"column":0},"end":{"line":11,"column":24}},"9":{"start":{"line":12,"column":0},"end":{"line":12,"column":16}},"10":{"start":{"line":13,"column":0},"end":{"line":13,"column":18}},"11":{"start":{"line":16,"column":0},"end":{"line":16,"column":40}},"12":{"start":{"line":19,"column":0},"end":{"line":22,"column":3}},"13":{"start":{"line":20,"column":2},"end":{"line":20,"column":27}},"14":{"start":{"line":21,"column":2},"end":{"line":21,"column":74}},"15":{"start":{"line":24,"column":19},"end":{"line":24,"column":50}},"16":{"start":{"line":25,"column":0},"end":{"line":25,"column":33}},"17":{"start":{"line":27,"column":0},"end":{"line":27,"column":21}}},"fnMap":{"0":{"name":"(anonymous_0)","decl":{"start":{"line":19,"column":8},"end":{"line":19,"column":9}},"loc":{"start":{"line":19,"column":33},"end":{"line":22,"column":1}},"line":19}},"branchMap":{},"s":{"0":1,"1":1,"2":1,"3":1,"4":1,"5":1,"6":1,"7":1,"8":1,"9":1,"10":1,"11":1,"12":1,"13":0,"14":0,"15":1,"16":1,"17":1},"f":{"0":0},"b":{},"_coverageSchema":"1a1c01bbd47fc00a2c39e90264f33305004495a9","hash":"7c5145ab3aa985fe0077d83569d9c16fa9b7d8f6"}
,"C:\\Users\\emmar\\Desktop\\Cours\\MSPR2\\API_produits\\api-produits\\src\\config\\database.js": {"path":"C:\\Users\\emmar\\Desktop\\Cours\\MSPR2\\API_produits\\api-produits\\src\\config\\database.js","statementMap":{"0":{"start":{"line":1,"column":17},"end":{"line":1,"column":36}},"1":{"start":{"line":2,"column":0},"end":{"line":2,"column":27}},"2":{"start":{"line":4,"column":18},"end":{"line":12,"column":1}},"3":{"start":{"line":5,"column":2},"end":{"line":11,"column":3}},"4":{"start":{"line":6,"column":4},"end":{"line":6,"column":50}},"5":{"start":{"line":7,"column":4},"end":{"line":7,"column":37}},"6":{"start":{"line":9,"column":4},"end":{"line":9,"column":62}},"7":{"start":{"line":10,"column":4},"end":{"line":10,"column":20}},"8":{"start":{"line":14,"column":0},"end":{"line":14,"column":27}}},"fnMap":{"0":{"name":"(anonymous_0)","decl":{"start":{"line":4,"column":18},"end":{"line":4,"column":19}},"loc":{"start":{"line":4,"column":30},"end":{"line":12,"column":1}},"line":4}},"branchMap":{},"s":{"0":1,"1":1,"2":1,"3":1,"4":1,"5":1,"6":0,"7":0,"8":1},"f":{"0":1},"b":{},"_coverageSchema":"1a1c01bbd47fc00a2c39e90264f33305004495a9","hash":"5f2dc0a00219726deef28733bc91551beb8cc529"}
,"C:\\Users\\emmar\\Desktop\\Cours\\MSPR2\\API_produits\\api-produits\\src\\controllers\\products.controller.js": {"path":"C:\\Users\\emmar\\Desktop\\Cours\\MSPR2\\API_produits\\api-produits\\src\\controllers\\products.controller.js","statementMap":{"0":{"start":{"line":1,"column":16},"end":{"line":1,"column":50}},"1":{"start":{"line":4,"column":0},"end":{"line":11,"column":2}},"2":{"start":{"line":5,"column":2},"end":{"line":10,"column":3}},"3":{"start":{"line":6,"column":21},"end":{"line":6,"column":41}},"4":{"start":{"line":7,"column":4},"end":{"line":7,"column":23}},"5":{"start":{"line":9,"column":4},"end":{"line":9,"column":56}},"6":{"start":{"line":14,"column":0},"end":{"line":22,"column":2}},"7":{"start":{"line":15,"column":2},"end":{"line":21,"column":3}},"8":{"start":{"line":16,"column":20},"end":{"line":16,"column":57}},"9":{"start":{"line":17,"column":4},"end":{"line":17,"column":81}},"10":{"start":{"line":17,"column":18},"end":{"line":17,"column":81}},"11":{"start":{"line":18,"column":4},"end":{"line":18,"column":22}},"12":{"start":{"line":20,"column":4},"end":{"line":20,"column":53}},"13":{"start":{"line":25,"column":0},"end":{"line":33,"column":2}},"14":{"start":{"line":26,"column":2},"end":{"line":32,"column":3}},"15":{"start":{"line":27,"column":20},"end":{"line":27,"column":41}},"16":{"start":{"line":28,"column":18},"end":{"line":28,"column":38}},"17":{"start":{"line":29,"column":4},"end":{"line":29,"column":32}},"18":{"start":{"line":31,"column":4},"end":{"line":31,"column":79}},"19":{"start":{"line":36,"column":0},"end":{"line":47,"column":2}},"20":{"start":{"line":37,"column":2},"end":{"line":46,"column":3}},"21":{"start":{"line":38,"column":20},"end":{"line":41,"column":6}},"22":{"start":{"line":42,"column":4},"end":{"line":42,"column":81}},"23":{"start":{"line":42,"column":18},"end":{"line":42,"column":81}},"24":{"start":{"line":43,"column":4},"end":{"line":43,"column":22}},"25":{"start":{"line":45,"column":4},"end":{"line":45,"column":83}},"26":{"start":{"line":50,"column":0},"end":{"line":58,"column":2}},"27":{"start":{"line":51,"column":2},"end":{"line":57,"column":3}},"28":{"start":{"line":52,"column":20},"end":{"line":52,"column":66}},"29":{"start":{"line":53,"column":4},"end":{"line":53,"column":81}},"30":{"start":{"line":53,"column":18},"end":{"line":53,"column":81}},"31":{"start":{"line":54,"column":4},"end":{"line":54,"column":46}},"32":{"start":{"line":56,"column":4},"end":{"line":56,"column":83}},"33":{"start":{"line":61,"column":0},"end":{"line":74,"column":2}},"34":{"start":{"line":62,"column":2},"end":{"line":73,"column":3}},"35":{"start":{"line":63,"column":18},"end":{"line":63,"column":35}},"36":{"start":{"line":64,"column":21},"end":{"line":69,"column":6}},"37":{"start":{"line":70,"column":4},"end":{"line":70,"column":23}},"38":{"start":{"line":72,"column":4},"end":{"line":72,"column":56}},"39":{"start":{"line":77,"column":0},"end":{"line":94,"column":2}},"40":{"start":{"line":78,"column":2},"end":{"line":93,"column":3}},"41":{"start":{"line":79,"column":17},"end":{"line":79,"column":46}},"42":{"start":{"line":80,"column":18},"end":{"line":80,"column":49}},"43":{"start":{"line":81,"column":17},"end":{"line":81,"column":35}},"44":{"start":{"line":82,"column":21},"end":{"line":82,"column":65}},"45":{"start":{"line":83,"column":18},"end":{"line":83,"column":48}},"46":{"start":{"line":84,"column":4},"end":{"line":90,"column":7}},"47":{"start":{"line":92,"column":4},"end":{"line":92,"column":56}}},"fnMap":{"0":{"name":"(anonymous_0)","decl":{"start":{"line":4,"column":25},"end":{"line":4,"column":26}},"loc":{"start":{"line":4,"column":45},"end":{"line":11,"column":1}},"line":4},"1":{"name":"(anonymous_1)","decl":{"start":{"line":14,"column":25},"end":{"line":14,"column":26}},"loc":{"start":{"line":14,"column":45},"end":{"line":22,"column":1}},"line":14},"2":{"name":"(anonymous_2)","decl":{"start":{"line":25,"column":24},"end":{"line":25,"column":25}},"loc":{"start":{"line":25,"column":44},"end":{"line":33,"column":1}},"line":25},"3":{"name":"(anonymous_3)","decl":{"start":{"line":36,"column":24},"end":{"line":36,"column":25}},"loc":{"start":{"line":36,"column":44},"end":{"line":47,"column":1}},"line":36},"4":{"name":"(anonymous_4)","decl":{"start":{"line":50,"column":24},"end":{"line":50,"column":25}},"loc":{"start":{"line":50,"column":44},"end":{"line":58,"column":1}},"line":50},"5":{"name":"(anonymous_5)","decl":{"start":{"line":61,"column":25},"end":{"line":61,"column":26}},"loc":{"start":{"line":61,"column":45},"end":{"line":74,"column":1}},"line":61},"6":{"name":"(anonymous_6)","decl":{"start":{"line":77,"column":27},"end":{"line":77,"column":28}},"loc":{"start":{"line":77,"column":47},"end":{"line":94,"column":1}},"line":77}},"branchMap":{"0":{"loc":{"start":{"line":17,"column":4},"end":{"line":17,"column":81}},"type":"if","locations":[{"start":{"line":17,"column":4},"end":{"line":17,"column":81}},{"start":{},"end":{}}],"line":17},"1":{"loc":{"start":{"line":42,"column":4},"end":{"line":42,"column":81}},"type":"if","locations":[{"start":{"line":42,"column":4},"end":{"line":42,"column":81}},{"start":{},"end":{}}],"line":42},"2":{"loc":{"start":{"line":53,"column":4},"end":{"line":53,"column":81}},"type":"if","locations":[{"start":{"line":53,"column":4},"end":{"line":53,"column":81}},{"start":{},"end":{}}],"line":53},"3":{"loc":{"start":{"line":63,"column":18},"end":{"line":63,"column":35}},"type":"binary-expr","locations":[{"start":{"line":63,"column":18},"end":{"line":63,"column":29}},{"start":{"line":63,"column":33},"end":{"line":63,"column":35}}],"line":63},"4":{"loc":{"start":{"line":79,"column":17},"end":{"line":79,"column":46}},"type":"binary-expr","locations":[{"start":{"line":79,"column":17},"end":{"line":79,"column":41}},{"start":{"line":79,"column":45},"end":{"line":79,"column":46}}],"line":79},"5":{"loc":{"start":{"line":80,"column":18},"end":{"line":80,"column":49}},"type":"binary-expr","locations":[{"start":{"line":80,"column":18},"end":{"line":80,"column":43}},{"start":{"line":80,"column":47},"end":{"line":80,"column":49}}],"line":80}},"s":{"0":1,"1":1,"2":1,"3":1,"4":1,"5":0,"6":1,"7":1,"8":1,"9":1,"10":0,"11":1,"12":0,"13":1,"14":0,"15":0,"16":0,"17":0,"18":0,"19":1,"20":0,"21":0,"22":0,"23":0,"24":0,"25":0,"26":1,"27":0,"28":0,"29":0,"30":0,"31":0,"32":0,"33":1,"34":0,"35":0,"36":0,"37":0,"38":0,"39":1,"40":0,"41":0,"42":0,"43":0,"44":0,"45":0,"46":0,"47":0},"f":{"0":1,"1":1,"2":0,"3":0,"4":0,"5":0,"6":0},"b":{"0":[0,1],"1":[0,0],"2":[0,0],"3":[0,0],"4":[0,0],"5":[0,0]},"_coverageSchema":"1a1c01bbd47fc00a2c39e90264f33305004495a9","hash":"e22af0cb51b10446ec849e6b046b001106c0f967"}
,"C:\\Users\\emmar\\Desktop\\Cours\\MSPR2\\API_produits\\api-produits\\src\\middlewares\\auth.middleware.js": {"path":"C:\\Users\\emmar\\Desktop\\Cours\\MSPR2\\API_produits\\api-produits\\src\\middlewares\\auth.middleware.js","statementMap":{"0":{"start":{"line":1,"column":12},"end":{"line":1,"column":35}},"1":{"start":{"line":3,"column":0},"end":{"line":16,"column":2}},"2":{"start":{"line":4,"column":21},"end":{"line":4,"column":46}},"3":{"start":{"line":5,"column":2},"end":{"line":7,"column":3}},"4":{"start":{"line":6,"column":4},"end":{"line":6,"column":75}},"5":{"start":{"line":8,"column":16},"end":{"line":8,"column":40}},"6":{"start":{"line":9,"column":2},"end":{"line":15,"column":3}},"7":{"start":{"line":10,"column":20},"end":{"line":10,"column":61}},"8":{"start":{"line":11,"column":4},"end":{"line":11,"column":23}},"9":{"start":{"line":12,"column":4},"end":{"line":12,"column":11}},"10":{"start":{"line":14,"column":4},"end":{"line":14,"column":73}}},"fnMap":{"0":{"name":"(anonymous_0)","decl":{"start":{"line":3,"column":17},"end":{"line":3,"column":18}},"loc":{"start":{"line":3,"column":37},"end":{"line":16,"column":1}},"line":3}},"branchMap":{"0":{"loc":{"start":{"line":5,"column":2},"end":{"line":7,"column":3}},"type":"if","locations":[{"start":{"line":5,"column":2},"end":{"line":7,"column":3}},{"start":{},"end":{}}],"line":5},"1":{"loc":{"start":{"line":5,"column":6},"end":{"line":5,"column":54}},"type":"binary-expr","locations":[{"start":{"line":5,"column":6},"end":{"line":5,"column":17}},{"start":{"line":5,"column":21},"end":{"line":5,"column":54}}],"line":5}},"s":{"0":1,"1":1,"2":3,"3":3,"4":3,"5":0,"6":0,"7":0,"8":0,"9":0,"10":0},"f":{"0":3},"b":{"0":[3,0],"1":[3,0]},"_coverageSchema":"1a1c01bbd47fc00a2c39e90264f33305004495a9","hash":"a766a7cb4da05c7d1ff8928f6552b073a8e38f89"}
,"C:\\Users\\emmar\\Desktop\\Cours\\MSPR2\\API_produits\\api-produits\\src\\models\\product.model.js": {"path":"C:\\Users\\emmar\\Desktop\\Cours\\MSPR2\\API_produits\\api-produits\\src\\models\\product.model.js","statementMap":{"0":{"start":{"line":1,"column":17},"end":{"line":1,"column":36}},"1":{"start":{"line":3,"column":22},"end":{"line":12,"column":24}},"2":{"start":{"line":14,"column":0},"end":{"line":14,"column":58}}},"fnMap":{},"branchMap":{},"s":{"0":1,"1":1,"2":1},"f":{},"b":{},"_coverageSchema":"1a1c01bbd47fc00a2c39e90264f33305004495a9","hash":"d66db9f4dd263c4229c6b61bc57bd03e60a72dca"}
,"C:\\Users\\emmar\\Desktop\\Cours\\MSPR2\\API_produits\\api-produits\\src\\models\\user.js": {"path":"C:\\Users\\emmar\\Desktop\\Cours\\MSPR2\\API_produits\\api-produits\\src\\models\\user.js","statementMap":{"0":{"start":{"line":1,"column":17},"end":{"line":1,"column":36}},"1":{"start":{"line":2,"column":15},"end":{"line":2,"column":34}},"2":{"start":{"line":4,"column":19},"end":{"line":7,"column":2}},"3":{"start":{"line":9,"column":0},"end":{"line":13,"column":3}},"4":{"start":{"line":10,"column":2},"end":{"line":10,"column":50}},"5":{"start":{"line":10,"column":36},"end":{"line":10,"column":50}},"6":{"start":{"line":11,"column":2},"end":{"line":11,"column":55}},"7":{"start":{"line":12,"column":2},"end":{"line":12,"column":9}},"8":{"start":{"line":15,"column":0},"end":{"line":15,"column":52}}},"fnMap":{"0":{"name":"(anonymous_0)","decl":{"start":{"line":9,"column":23},"end":{"line":9,"column":24}},"loc":{"start":{"line":9,"column":45},"end":{"line":13,"column":1}},"line":9}},"branchMap":{"0":{"loc":{"start":{"line":10,"column":2},"end":{"line":10,"column":50}},"type":"if","locations":[{"start":{"line":10,"column":2},"end":{"line":10,"column":50}},{"start":{},"end":{}}],"line":10}},"s":{"0":1,"1":1,"2":1,"3":1,"4":0,"5":0,"6":0,"7":0,"8":1},"f":{"0":0},"b":{"0":[0,0]},"_coverageSchema":"1a1c01bbd47fc00a2c39e90264f33305004495a9","hash":"6a24fd574ca161af25b32fd7677ff48f31f3d511"}
,"C:\\Users\\emmar\\Desktop\\Cours\\MSPR2\\API_produits\\api-produits\\src\\routes\\auth.routes.js": {"path":"C:\\Users\\emmar\\Desktop\\Cours\\MSPR2\\API_produits\\api-produits\\src\\routes\\auth.routes.js","statementMap":{"0":{"start":{"line":1,"column":16},"end":{"line":1,"column":34}},"1":{"start":{"line":2,"column":12},"end":{"line":2,"column":35}},"2":{"start":{"line":3,"column":15},"end":{"line":3,"column":34}},"3":{"start":{"line":4,"column":13},"end":{"line":4,"column":38}},"4":{"start":{"line":5,"column":15},"end":{"line":5,"column":31}},"5":{"start":{"line":7,"column":0},"end":{"line":12,"column":3}},"6":{"start":{"line":8,"column":30},"end":{"line":8,"column":38}},"7":{"start":{"line":9,"column":15},"end":{"line":9,"column":44}},"8":{"start":{"line":10,"column":2},"end":{"line":10,"column":20}},"9":{"start":{"line":11,"column":2},"end":{"line":11,"column":56}},"10":{"start":{"line":14,"column":0},"end":{"line":26,"column":3}},"11":{"start":{"line":15,"column":30},"end":{"line":15,"column":38}},"12":{"start":{"line":16,"column":15},"end":{"line":16,"column":44}},"13":{"start":{"line":17,"column":2},"end":{"line":19,"column":3}},"14":{"start":{"line":18,"column":4},"end":{"line":18,"column":71}},"15":{"start":{"line":21,"column":16},"end":{"line":23,"column":4}},"16":{"start":{"line":25,"column":2},"end":{"line":25,"column":22}},"17":{"start":{"line":28,"column":0},"end":{"line":28,"column":24}}},"fnMap":{"0":{"name":"(anonymous_0)","decl":{"start":{"line":7,"column":25},"end":{"line":7,"column":26}},"loc":{"start":{"line":7,"column":45},"end":{"line":12,"column":1}},"line":7},"1":{"name":"(anonymous_1)","decl":{"start":{"line":14,"column":22},"end":{"line":14,"column":23}},"loc":{"start":{"line":14,"column":42},"end":{"line":26,"column":1}},"line":14}},"branchMap":{"0":{"loc":{"start":{"line":17,"column":2},"end":{"line":19,"column":3}},"type":"if","locations":[{"start":{"line":17,"column":2},"end":{"line":19,"column":3}},{"start":{},"end":{}}],"line":17},"1":{"loc":{"start":{"line":17,"column":6},"end":{"line":17,"column":63}},"type":"binary-expr","locations":[{"start":{"line":17,"column":6},"end":{"line":17,"column":11}},{"start":{"line":17,"column":15},"end":{"line":17,"column":63}}],"line":17}},"s":{"0":1,"1":1,"2":1,"3":1,"4":1,"5":1,"6":0,"7":0,"8":0,"9":0,"10":1,"11":0,"12":0,"13":0,"14":0,"15":0,"16":0,"17":1},"f":{"0":0,"1":0},"b":{"0":[0,0],"1":[0,0]},"_coverageSchema":"1a1c01bbd47fc00a2c39e90264f33305004495a9","hash":"9d46d10a4c78ba234069a6d5dc633b286983d823"}
,"C:\\Users\\emmar\\Desktop\\Cours\\MSPR2\\API_produits\\api-produits\\src\\routes\\products.routes.js": {"path":"C:\\Users\\emmar\\Desktop\\Cours\\MSPR2\\API_produits\\api-produits\\src\\routes\\products.routes.js","statementMap":{"0":{"start":{"line":1,"column":16},"end":{"line":1,"column":34}},"1":{"start":{"line":2,"column":15},"end":{"line":2,"column":31}},"2":{"start":{"line":11,"column":4},"end":{"line":11,"column":49}},"3":{"start":{"line":12,"column":13},"end":{"line":12,"column":54}},"4":{"start":{"line":15,"column":0},"end":{"line":15,"column":32}},"5":{"start":{"line":16,"column":0},"end":{"line":16,"column":35}},"6":{"start":{"line":17,"column":0},"end":{"line":17,"column":38}},"7":{"start":{"line":18,"column":0},"end":{"line":18,"column":40}},"8":{"start":{"line":19,"column":0},"end":{"line":19,"column":43}},"9":{"start":{"line":22,"column":0},"end":{"line":22,"column":38}},"10":{"start":{"line":25,"column":0},"end":{"line":25,"column":42}},"11":{"start":{"line":27,"column":0},"end":{"line":27,"column":24}}},"fnMap":{},"branchMap":{},"s":{"0":1,"1":1,"2":1,"3":1,"4":1,"5":1,"6":1,"7":1,"8":1,"9":1,"10":1,"11":1},"f":{},"b":{},"_coverageSchema":"1a1c01bbd47fc00a2c39e90264f33305004495a9","hash":"210c5d069f84ca46c8f0171fd1cba430ab5e6194"}
}
